<?xml version="1.0" encoding="UTF-8"?>
<testng-results ignored="0" total="1" passed="1" failed="0" skipped="0">
  <reporter-output>
  </reporter-output>
  <suite started-at="2024-07-03T23:33:22 IST" name="Default suite" finished-at="2024-07-03T23:33:27 IST" duration-ms="4991">
    <groups>
    </groups>
    <test started-at="2024-07-03T23:33:22 IST" name="Default test" finished-at="2024-07-03T23:33:27 IST" duration-ms="4991">
      <class name="Selenium4Features.HandlingWindows">
        <test-method signature="testLocators()[pri:0, instance:Selenium4Features.HandlingWindows@71238fc2]" started-at="2024-07-03T23:33:23 IST" name="testLocators" finished-at="2024-07-03T23:33:27 IST" duration-ms="4884" status="PASS">
          <reporter-output>
          </reporter-output>
        </test-method> <!-- testLocators -->
      </class> <!-- Selenium4Features.HandlingWindows -->
    </test> <!-- Default test -->
  </suite> <!-- Default suite -->
</testng-results>
